生成启动时间为 19.12.2 19:57:05。
     1>项目“D:\0.Study_Work\git资源\Gitee\Daywork_Test\test-19-12\C_Process_scheduling\C_Process_scheduling\C_Process_scheduling.vcxproj”在节点 2 上(Build 个目标)。
     1>ClCompile:
         D:\2.My_App\3. 学习软件\VS2013\VC\bin\CL.exe /c /ZI /nologo /W3 /WX- /sdl /Od /Oy- /D _MBCS /Gm /EHsc /RTC1 /MDd /GS /fp:precise /Zc:wchar_t /Zc:forScope /Fo"Debug\\" /Fd"Debug\vc120.pdb" /Gd /TC /analyze- /errorReport:prompt Process_scheduling.c RR_queue.c main.c test.c
         test.c
         main.c
         RR_queue.c
     1>d:\0.study_work\git资源\gitee\daywork_test\test-19-12\c_process_scheduling\c_process_scheduling\rr_queue.c(8): warning C4047: “=”:“Data_Q *”与“Data_Q”的间接级别不同
         Process_scheduling.c
     1>d:\0.study_work\git资源\gitee\daywork_test\test-19-12\c_process_scheduling\c_process_scheduling\process_scheduling.c(125): warning C4101: “q”: 未引用的局部变量
         正在生成代码...
       Link:
         D:\2.My_App\3. 学习软件\VS2013\VC\bin\link.exe /ERRORREPORT:PROMPT /OUT:"D:\0.Study_Work\git资源\Gitee\Daywork_Test\test-19-12\C_Process_scheduling\Debug\C_Process_scheduling.exe" /INCREMENTAL /NOLOGO kernel32.lib user32.lib gdi32.lib winspool.lib comdlg32.lib advapi32.lib shell32.lib ole32.lib oleaut32.lib uuid.lib odbc32.lib odbccp32.lib /MANIFEST /MANIFESTUAC:"level='asInvoker' uiAccess='false'" /manifest:embed /DEBUG /PDB:"D:\0.Study_Work\git资源\Gitee\Daywork_Test\test-19-12\C_Process_scheduling\Debug\C_Process_scheduling.pdb" /TLBID:1 /DYNAMICBASE /NXCOMPAT /IMPLIB:"D:\0.Study_Work\git资源\Gitee\Daywork_Test\test-19-12\C_Process_scheduling\Debug\C_Process_scheduling.lib" /MACHINE:X86 Debug\main.obj
         Debug\Process_scheduling.obj
         Debug\RR_queue.obj
         Debug\test.obj
         C_Process_scheduling.vcxproj -> D:\0.Study_Work\git资源\Gitee\Daywork_Test\test-19-12\C_Process_scheduling\Debug\C_Process_scheduling.exe
     1>已完成生成项目“D:\0.Study_Work\git资源\Gitee\Daywork_Test\test-19-12\C_Process_scheduling\C_Process_scheduling\C_Process_scheduling.vcxproj”(Build 个目标)的操作。

生成成功。

已用时间 00:00:01.75
